2025-01-12 20:18:28 UTC - INFO - SlackRestartMonitor initialized.
2025-01-12 20:18:28 UTC - INFO - Scheduler started. Press Ctrl+C to exit.
2025-01-12 20:18:49 UTC - INFO - Scheduler stopped. Goodbye!
2025-01-12T18:19:54.343964+00:00 - INFO - SlackRestartMonitor initialized.
2025-01-12T18:19:54.344288+00:00 - INFO - Scheduler started. Press Ctrl+C to exit.
2025-01-12T18:20:00.865124+00:00 - INFO - Fetched 12 messages for 2025-01-12.
2025-01-12T18:20:00.865254+00:00 - INFO - Extracted 3 restart requests.
2025-01-12T18:20:00.865290+00:00 - INFO - Counted 3 restart requests for 2025-01-12.
2025-01-12T18:20:01.248097+00:00 - INFO - Daily message sent: 1736706001.200249
2025-01-12T18:23:44.374045+00:00 - INFO - Scheduler stopped. Goodbye!
2025-01-12T21:51:57.778964+00:00 - INFO - SlackRestartMonitor initialized.
2025-01-12T21:51:57.779431+00:00 - INFO - Scheduler started. Press Ctrl+C to exit.
2025-01-12T22:01:01.518144+00:00 - INFO - Fetched 0 messages for 2025-01-13.
2025-01-12T22:01:01.518516+00:00 - INFO - Extracted 0 restart requests.
2025-01-12T22:01:01.518658+00:00 - INFO - Counted 0 restart requests for 2025-01-13.
2025-01-12T22:01:01.958718+00:00 - INFO - Daily message sent: 1736719261.938949
2025-01-12T22:02:59.125379+00:00 - INFO - Scheduler stopped. Goodbye!
2025-01-12T22:04:55.769767+00:00 - INFO - SlackRestartMonitor initialized.
2025-01-12T22:04:55.770584+00:00 - INFO - Scheduler started. Press Ctrl+C to exit.
2025-01-17T09:41:49.914645+00:00 - INFO - SlackRestartMonitor initialized.
2025-01-17T09:41:49.915112+00:00 - INFO - Scheduler started. Press Ctrl+C to exit.
2025-01-17T09:42:01.526854+00:00 - INFO - Fetched 0 messages for 2025-01-17.
2025-01-17T09:42:01.527166+00:00 - INFO - Extracted 0 restart requests.
2025-01-17T09:42:01.527292+00:00 - INFO - Counted 0 restart requests for 2025-01-17.
2025-01-17T09:42:02.140633+00:00 - INFO - Daily message sent: 1737106921.982039
2025-01-17T09:42:16.880659+00:00 - INFO - Scheduler stopped. Goodbye!
2025-01-17T09:44:41.531074+00:00 - INFO - SlackRestartMonitor initialized.
2025-01-17T09:44:57.511881+00:00 - INFO - Fetched 0 messages for 2025-01-17.
2025-01-17T09:44:57.512219+00:00 - INFO - Extracted 0 restart requests.
2025-01-17T09:44:57.512358+00:00 - INFO - Counted 0 restart requests for 2025-01-17.
2025-01-17T09:44:57.887800+00:00 - INFO - Daily message sent: 1737107097.835359
2025-01-17T09:46:53.599456+00:00 - INFO - Fetched 0 messages for 2025-01-17.
2025-01-17T09:46:53.599828+00:00 - INFO - Extracted 0 restart requests.
2025-01-17T09:46:53.599990+00:00 - INFO - Counted 0 restart requests for 2025-01-17.
2025-01-17T09:47:52.197721+00:00 - INFO - SlackRestartMonitor initialized.
2025-01-17T09:47:54.322215+00:00 - INFO - Fetched 8 messages for 2025-01-17.
2025-01-17T09:47:54.322527+00:00 - INFO - Extracted 0 restart requests.
2025-01-17T09:47:54.322619+00:00 - INFO - Counted 0 restart requests for 2025-01-17.
2025-01-17T09:47:54.676626+00:00 - INFO - Daily message sent: 1737107274.630239
2025-01-17T09:48:52.692967+00:00 - INFO - Fetched 8 messages for 2025-01-17.
2025-01-17T09:48:52.693281+00:00 - INFO - Extracted 0 restart requests.
2025-01-17T09:48:52.693390+00:00 - INFO - Counted 0 restart requests for 2025-01-17.
2025-01-17T09:50:48.983297+00:00 - INFO - Fetched 8 messages for 2025-01-17.
2025-01-17T09:52:13.495081+00:00 - INFO - SlackRestartMonitor initialized.
2025-01-17T09:52:13.497288+00:00 - INFO - Scheduler started. Press Ctrl+C to exit.
2025-01-17T09:53:05.233985+00:00 - INFO - SlackRestartMonitor initialized.
2025-01-17T09:53:25.777827+00:00 - INFO - Fetched 8 messages for 2025-01-17.
2025-01-17T09:53:45.538753+00:00 - INFO - Extracted 5 restart requests.
2025-01-17T09:54:06.318721+00:00 - INFO - Fetched 8 messages for 2025-01-17.
2025-01-17T09:54:06.319058+00:00 - INFO - Extracted 5 restart requests.
2025-01-17T09:54:06.319155+00:00 - INFO - Counted 5 restart requests for 2025-01-17.
2025-01-17T09:54:06.726383+00:00 - INFO - Daily message sent: 1737107646.678229
